
> trading-cockpit-ui@0.1.0 build
> next build

  ▲ Next.js 14.2.0

   Linting and checking validity of types ...
   Creating an optimized production build ...
 ✓ Compiled successfully
   Collecting page data ...
   Generating static pages (0/3) ...
 ✓ Generating static pages (3/3)
   Finalizing page optimization ...
   Collecting build traces ...

Route (pages)                             Size     First Load JS
┌ ○ /                                     5.43 kB        83.7 kB
├   /_app                                 0 B            78.2 kB
└ ○ /404                                  180 B          78.4 kB
+ First Load JS shared by all             81.9 kB
  ├ chunks/framework-ecc4130bc7a58a64.js  45.2 kB
  ├ chunks/main-b4b7cbcc7ee0fc77.js       32 kB
  └ other shared chunks (total)           4.7 kB

○  (Static)  prerendered as static content

